<?xml version="1.0" encoding="UTF-8"?>
<!-- Generated by org.testng.reporters.JUnitReportReporter -->
<testsuite skipped="0" hostname="DESKTOP-A1C45A4" name="test.ListCustomersTest" tests="1" failures="0" timestamp="2022-05-24T19:09:35 EDT" time="5.915" errors="0">
  <testcase name="userShouldBeAbleToAddContact" time="5.915" classname="test.ListCustomersTest"/>
  <system-out/>
</testsuite> <!-- test.ListCustomersTest -->
