<?xml version="1.0" encoding="UTF-8"?>
<!-- Generated by org.testng.reporters.JUnitReportReporter -->
<testsuite skipped="0" hostname="DESKTOP-A1C45A4" name="test.LoginTest" tests="1" failures="0" timestamp="2022-05-24T15:56:35 EDT" time="2.874" errors="0">
  <testcase name="validUserShouldbeAbleToLogin" time="2.874" classname="test.LoginTest"/>
  <system-out/>
</testsuite> <!-- test.LoginTest -->
