<?xml version="1.0" encoding="UTF-8"?>
<!-- Generated by org.testng.reporters.JUnitReportReporter -->
<testsuite hostname="DESKTOP-A1C45A4" name="test.LoginTest" tests="1" failures="0" timestamp="23 May 2022 01:40:00 GMT" time="2.799" errors="0">
  <testcase name="validUserShouldbeAbleToLogin" time="2.799" classname="test.LoginTest"/>
</testsuite> <!-- test.LoginTest -->
